=== ToggleIgnoreDisconnect ===
BEFORE: { connected = False, ignoreDisconnect = False, jeopardyPlaying = True, now = 1777480941205, pending = [], screen = ConnectScreen, trackInfo = Just { currentTime = 3.089365, duration = 30.72, name = "jeopardy-theme.mp3" } }
AFTER:  { connected = False, ignoreDisconnect = True, jeopardyPlaying = True, now = 1777480941205, pending = [], screen = ConnectScreen, trackInfo = Just { currentTime = 3.089365, duration = 30.72, name = "jeopardy-theme.mp3" } }

=== ToggleIgnoreDisconnect ===
BEFORE: { connected = True, ignoreDisconnect = True, jeopardyPlaying = True, now = 1777480942422, pending = [], screen = BeginScreen, trackInfo = Just { currentTime = 4.289058, duration = 30.72, name = "jeopardy-theme.mp3" } }
AFTER:  { connected = True, ignoreDisconnect = False, jeopardyPlaying = True, now = 1777480942422, pending = [], screen = BeginScreen, trackInfo = Just { currentTime = 4.289058, duration = 30.72, name = "jeopardy-theme.mp3" } }

=== ToggleIgnoreDisconnect ===
BEFORE: { connected = False, ignoreDisconnect = False, jeopardyPlaying = True, now = 1777480942805, pending = [], screen = ConnectScreen, trackInfo = Just { currentTime = 4.689166, duration = 30.72, name = "jeopardy-theme.mp3" } }
AFTER:  { connected = False, ignoreDisconnect = True, jeopardyPlaying = True, now = 1777480942805, pending = [], screen = ConnectScreen, trackInfo = Just { currentTime = 4.689166, duration = 30.72, name = "jeopardy-theme.mp3" } }

=== BeginPressed ===
BEFORE: { connected = True, ignoreDisconnect = True, jeopardyPlaying = True, now = 1777480943838, pending = [], screen = BeginScreen, trackInfo = Just { currentTime = 5.689035, duration = 30.72, name = "jeopardy-theme.mp3" } }
AFTER:  { connected = True, ignoreDisconnect = True, jeopardyPlaying = False, now = 1777480943838, pending = [{ fireAt = 1777480944838, msg = PlaySong 0 }], screen = BlankScreen 0, trackInfo = Just { currentTime = 5.689035, duration = 30.72, name = "jeopardy-theme.mp3" } }

=== PlaySong 0 ===
BEFORE: { connected = True, ignoreDisconnect = True, jeopardyPlaying = False, now = 1777480944838, pending = [], screen = BlankScreen 0, trackInfo = Just { currentTime = 5.689035, duration = 30.72, name = "jeopardy-theme.mp3" } }
AFTER:  { connected = True, ignoreDisconnect = True, jeopardyPlaying = False, now = 1777480944838, pending = [], screen = BlankScreen 0, trackInfo = Just { currentTime = 5.689035, duration = 30.72, name = "jeopardy-theme.mp3" } }

=== ToggleIgnoreDisconnect ===
BEFORE: { connected = True, ignoreDisconnect = True, jeopardyPlaying = False, now = 1777480947222, pending = [], screen = BlankScreen 0, trackInfo = Just { currentTime = 2.293982, duration = 7.895125, name = "golden.mp3" } }
AFTER:  { connected = True, ignoreDisconnect = False, jeopardyPlaying = False, now = 1777480947222, pending = [], screen = BlankScreen 0, trackInfo = Just { currentTime = 2.293982, duration = 7.895125, name = "golden.mp3" } }

=== ToggleIgnoreDisconnect ===
BEFORE: { connected = False, ignoreDisconnect = False, jeopardyPlaying = True, now = 1777480948972, pending = [], screen = ConnectScreen, trackInfo = Just { currentTime = 1.573113, duration = 30.72, name = "jeopardy-theme.mp3" } }
AFTER:  { connected = False, ignoreDisconnect = True, jeopardyPlaying = True, now = 1777480948972, pending = [], screen = ConnectScreen, trackInfo = Just { currentTime = 1.573113, duration = 30.72, name = "jeopardy-theme.mp3" } }

=== BeginPressed ===
BEFORE: { connected = True, ignoreDisconnect = True, jeopardyPlaying = True, now = 1777480949938, pending = [], screen = BeginScreen, trackInfo = Just { currentTime = 2.57306, duration = 30.72, name = "jeopardy-theme.mp3" } }
AFTER:  { connected = True, ignoreDisconnect = True, jeopardyPlaying = False, now = 1777480949938, pending = [{ fireAt = 1777480950938, msg = PlaySong 0 }], screen = BlankScreen 0, trackInfo = Just { currentTime = 2.57306, duration = 30.72, name = "jeopardy-theme.mp3" } }

=== PlaySong 0 ===
BEFORE: { connected = True, ignoreDisconnect = True, jeopardyPlaying = False, now = 1777480950938, pending = [], screen = BlankScreen 0, trackInfo = Just { currentTime = 2.57306, duration = 30.72, name = "jeopardy-theme.mp3" } }
AFTER:  { connected = True, ignoreDisconnect = True, jeopardyPlaying = False, now = 1777480950938, pending = [], screen = BlankScreen 0, trackInfo = Just { currentTime = 2.57306, duration = 30.72, name = "jeopardy-theme.mp3" } }

